<?xml version="1.0" encoding="UTF-8"?>
<!-- Generated by org.testng.reporters.JUnitReportReporter -->
<testsuite hostname="Shivprasad" failures="0" tests="1" name="testNG.parameter" time="0.012" errors="0" timestamp="2022-06-25T12:13:54 IST" skipped="0">
  <testcase classname="testNG.parameter" name="para" time="0.012"/>
  <system-out/>
</testsuite> <!-- testNG.parameter -->
