<?xml version="1.0" encoding="UTF-8"?>
<!-- Generated by org.testng.reporters.JUnitReportReporter -->
<testsuite hostname="Shivprasad" failures="0" tests="2" name="IMPTopics.helperClass" time="0.022" errors="0" timestamp="2022-06-28T10:02:28 IST" skipped="0">
  <testcase classname="IMPTopics.helperClass" name="testOneOne" time="0.017"/>
  <system-out/>
  <testcase classname="IMPTopics.helperClass" name="testTwoTwo" time="0.005"/>
  <system-out/>
</testsuite> <!-- IMPTopics.helperClass -->
