<?xml version="1.0" encoding="UTF-8"?>
<!-- Generated by org.testng.reporters.JUnitReportReporter -->
<testsuite hostname="Shivprasad" failures="0" tests="2" name="IMPTopics.demo" time="0.003" errors="0" timestamp="2022-06-28T10:02:28 IST" skipped="0">
  <testcase classname="IMPTopics.demo" name="testTwo" time="0.001"/>
  <system-out/>
  <testcase classname="IMPTopics.demo" name="testThree" time="0.002"/>
  <system-out/>
</testsuite> <!-- IMPTopics.demo -->
