<?xml version="1.0" encoding="UTF-8"?>
<!-- Generated by org.testng.reporters.JUnitReportReporter -->
<testsuite hostname="Shivprasad" failures="0" tests="4" name="testNG.detaProviderUse" time="0.029" errors="0" timestamp="2022-06-25T12:38:40 IST" skipped="0">
  <testcase classname="testNG.detaProviderUse" name="test" time="0.011"/>
  <system-out/>
  <testcase classname="testNG.detaProviderUse" name="test" time="0.003"/>
  <system-out/>
  <testcase classname="testNG.detaProviderUse" name="test" time="0.011"/>
  <system-out/>
  <testcase classname="testNG.detaProviderUse" name="test" time="0.004"/>
  <system-out/>
</testsuite> <!-- testNG.detaProviderUse -->
