<?xml version="1.0" encoding="UTF-8"?>
<!-- Generated by org.testng.reporters.JUnitReportReporter -->
<testsuite hostname="Shivprasad" failures="0" tests="4" name="testNG.sample" time="0.020" errors="0" timestamp="2022-06-25T11:28:08 IST" skipped="0">
  <testcase classname="testNG.sample" name="testapple" time="0.003"/>
  <system-out/>
  <testcase classname="testNG.sample" name="testShiv" time="0.008"/>
  <system-out/>
  <testcase classname="testNG.sample" name="testmethod" time="0.005"/>
  <system-out/>
  <testcase classname="testNG.sample" name="testsamsung" time="0.004"/>
  <system-out/>
</testsuite> <!-- testNG.sample -->
